<?xml version="1.0" encoding="UTF-8"?>
<Site BuildName="Win32-mingw32-make"
	BuildStamp="20240105-1144-Experimental"
	Name="LAPTOP-Fifi"
	Generator="ctest-3.20.21032501-MSVC_2"
	CompilerName="C:/MinGW/bin/g++.exe"
	CompilerVersion=""
	OSName="Windows"
	Hostname="LAPTOP-Fifi"
	OSRelease=" Personal"
	OSVersion=" (Build 22621)"
	OSPlatform="AMD64"
	Is64Bits="1"
	VendorString="AuthenticAMD"
	VendorID="Advanced Micro Devices"
	FamilyID="15"
	ModelID="0"
	ProcessorCacheSize="64"
	NumberOfLogicalCPU="16"
	NumberOfPhysicalCPU="8"
	TotalVirtualMemory="16813"
	TotalPhysicalMemory="15789"
	LogicalProcessorsPerPhysical="2"
	ProcessorClockFrequency="2994"
	>
	<Testing>
		<StartDateTime>Jan 05 19:44 中国标准时间</StartDateTime>
		<StartTestTime>1704455062</StartTestTime>
		<TestList/>
		<EndDateTime>Jan 05 19:44 中国标准时间</EndDateTime>
		<EndTestTime>1704455062</EndTestTime>
		<ElapsedMinutes>0</ElapsedMinutes>
	</Testing>
</Site>
